# JRE version: Java(TM) SE Runtime Environment (8.0_144-b01) (build 1.8.0_144-b01)
# Java VM: Java HotSpot(TM) 64-Bit Server VM (25.144-b01 mixed mode linux-amd64 compressed oops)
Heap:
 def new generation   total 31744K, used 28919K [0x00000000e0000000, 0x00000000e2270000, 0x00000000eaaa0000)
  eden space 28224K,  98% used [0x00000000e0000000, 0x00000000e1b08040, 0x00000000e1b90000)
  from space 3520K,  35% used [0x00000000e1b90000, 0x00000000e1cc5d48, 0x00000000e1f00000)
  to   space 3520K,   0% used [0x00000000e1f00000, 0x00000000e1f00000, 0x00000000e2270000)
 tenured generation   total 70244K, used 52088K [0x00000000eaaa0000, 0x00000000eef39000, 0x0000000100000000)
   the space 70244K,  74% used [0x00000000eaaa0000, 0x00000000edd7e278, 0x00000000edd7e400, 0x00000000eef39000)
 Metaspace       used 39603K, capacity 42824K, committed 42880K, reserved 1085440K
  class space    used 5690K, capacity 6265K, committed 6272K, reserved 1048576K
GC Heap History (10 events):
Event: 25,424 GC heap before
{Heap before GC invocations=78 (full 4):
 def new generation   total 31744K, used 31585K [0x00000000e0000000, 0x00000000e2270000, 0x00000000eaaa0000)
  eden space 28224K, 100% used [0x00000000e0000000, 0x00000000e1b90000, 0x00000000e1b90000)
  from space 3520K,  95% used [0x00000000e1f00000, 0x00000000e2248790, 0x00000000e2270000)
  to   space 3520K,   0% used [0x00000000e1b90000, 0x00000000e1b90000, 0x00000000e1f00000)
 tenured generation   total 70244K, used 48444K [0x00000000eaaa0000, 0x00000000eef39000, 0x0000000100000000)
   the space 70244K,  68% used [0x00000000eaaa0000, 0x00000000ed9ef2a0, 0x00000000ed9ef400, 0x00000000eef39000)
 Metaspace       used 38705K, capacity 41682K, committed 41728K, reserved 1085440K
  class space    used 5566K, capacity 6126K, committed 6144K, reserved 1048576K
Event: 25,430 GC heap after
Heap after GC invocations=79 (full 4):
 def new generation   total 31744K, used 257K [0x00000000e0000000, 0x00000000e2270000, 0x00000000eaaa0000)
  eden space 28224K,   0% used [0x00000000e0000000, 0x00000000e0000000, 0x00000000e1b90000)
  from space 3520K,   7% used [0x00000000e1b90000, 0x00000000e1bd04a0, 0x00000000e1f00000)
  to   space 3520K,   0% used [0x00000000e1f00000, 0x00000000e1f00000, 0x00000000e2270000)
 tenured generation   total 70244K, used 50183K [0x00000000eaaa0000, 0x00000000eef39000, 0x0000000100000000)
   the space 70244K,  71% used [0x00000000eaaa0000, 0x00000000edba1d10, 0x00000000edba1e00, 0x00000000eef39000)
 Metaspace       used 38705K, capacity 41682K, committed 41728K, reserved 1085440K
  class space    used 5566K, capacity 6126K, committed 6144K, reserved 1048576K
}
Event: 25,574 GC heap before
{Heap before GC invocations=79 (full 4):
 def new generation   total 31744K, used 28481K [0x00000000e0000000, 0x00000000e2270000, 0x00000000eaaa0000)
  eden space 28224K, 100% used [0x00000000e0000000, 0x00000000e1b90000, 0x00000000e1b90000)
  from space 3520K,   7% used [0x00000000e1b90000, 0x00000000e1bd04a0, 0x00000000e1f00000)
  to   space 3520K,   0% used [0x00000000e1f00000, 0x00000000e1f00000, 0x00000000e2270000)
 tenured generation   total 70244K, used 50183K [0x00000000eaaa0000, 0x00000000eef39000, 0x0000000100000000)
   the space 70244K,  71% used [0x00000000eaaa0000, 0x00000000edba1d10, 0x00000000edba1e00, 0x00000000eef39000)
 Metaspace       used 38707K, capacity 41682K, committed 41728K, reserved 1085440K
  class space    used 5566K, capacity 6126K, committed 6144K, reserved 1048576K
Event: 25,578 GC heap after
Heap after GC invocations=80 (full 4):
 def new generation   total 31744K, used 2985K [0x00000000e0000000, 0x00000000e2270000, 0x00000000eaaa0000)
  eden space 28224K,   0% used [0x00000000e0000000, 0x00000000e0000000, 0x00000000e1b90000)
  from space 3520K,  84% used [0x00000000e1f00000, 0x00000000e21ea678, 0x00000000e2270000)
  to   space 3520K,   0% used [0x00000000e1b90000, 0x00000000e1b90000, 0x00000000e1f00000)
 tenured generation   total 70244K, used 50183K [0x00000000eaaa0000, 0x00000000eef39000, 0x0000000100000000)
   the space 70244K,  71% used [0x00000000eaaa0000, 0x00000000edba1d10, 0x00000000edba1e00, 0x00000000eef39000)
 Metaspace       used 38707K, capacity 41682K, committed 41728K, reserved 1085440K
  class space    used 5566K, capacity 6126K, committed 6144K, reserved 1048576K
}
Event: 25,724 GC heap before
{Heap before GC invocations=80 (full 4):
 def new generation   total 31744K, used 31209K [0x00000000e0000000, 0x00000000e2270000, 0x00000000eaaa0000)
  eden space 28224K, 100% used [0x00000000e0000000, 0x00000000e1b90000, 0x00000000e1b90000)
  from space 3520K,  84% used [0x00000000e1f00000, 0x00000000e21ea678, 0x00000000e2270000)
  to   space 3520K,   0% used [0x00000000e1b90000, 0x00000000e1b90000, 0x00000000e1f00000)
 tenured generation   total 70244K, used 50183K [0x00000000eaaa0000, 0x00000000eef39000, 0x0000000100000000)
   the space 70244K,  71% used [0x00000000eaaa0000, 0x00000000edba1d10, 0x00000000edba1e00, 0x00000000eef39000)
 Metaspace       used 38707K, capacity 41682K, committed 41728K, reserved 1085440K
  class space    used 5566K, capacity 6126K, committed 6144K, reserved 1048576K
Event: 25,729 GC heap after
Heap after GC invocations=81 (full 4):
 def new generation   total 31744K, used 3519K [0x00000000e0000000, 0x00000000e2270000, 0x00000000eaaa0000)
  eden space 28224K,   0% used [0x00000000e0000000, 0x00000000e0000000, 0x00000000e1b90000)
  from space 3520K,  99% used [0x00000000e1b90000, 0x00000000e1effff0, 0x00000000e1f00000)
  to   space 3520K,   0% used [0x00000000e1f00000, 0x00000000e1f00000, 0x00000000e2270000)
 tenured generation   total 70244K, used 51289K [0x00000000eaaa0000, 0x00000000eef39000, 0x0000000100000000)
   the space 70244K,  73% used [0x00000000eaaa0000, 0x00000000edcb66b8, 0x00000000edcb6800, 0x00000000eef39000)
 Metaspace       used 38707K, capacity 41682K, committed 41728K, reserved 1085440K
  class space    used 5566K, capacity 6126K, committed 6144K, reserved 1048576K
}
Event: 25,886 GC heap before
{Heap before GC invocations=81 (full 4):
 def new generation   total 31744K, used 31743K [0x00000000e0000000, 0x00000000e2270000, 0x00000000eaaa0000)
  eden space 28224K, 100% used [0x00000000e0000000, 0x00000000e1b90000, 0x00000000e1b90000)
  from space 3520K,  99% used [0x00000000e1b90000, 0x00000000e1effff0, 0x00000000e1f00000)
  to   space 3520K,   0% used [0x00000000e1f00000, 0x00000000e1f00000, 0x00000000e2270000)
 tenured generation   total 70244K, used 51289K [0x00000000eaaa0000, 0x00000000eef39000, 0x0000000100000000)
   the space 70244K,  73% used [0x00000000eaaa0000, 0x00000000edcb66b8, 0x00000000edcb6800, 0x00000000eef39000)
 Metaspace       used 38707K, capacity 41682K, committed 41728K, reserved 1085440K
  class space    used 5566K, capacity 6126K, committed 6144K, reserved 1048576K
Event: 25,891 GC heap after
Heap after GC invocations=82 (full 4):
 def new generation   total 31744K, used 3520K [0x00000000e0000000, 0x00000000e2270000, 0x00000000eaaa0000)
  eden space 28224K,   0% used [0x00000000e0000000, 0x00000000e0000000, 0x00000000e1b90000)
  from space 3520K, 100% used [0x00000000e1f00000, 0x00000000e2270000, 0x00000000e2270000)
  to   space 3520K,   0% used [0x00000000e1b90000, 0x00000000e1b90000, 0x00000000e1f00000)
 tenured generation   total 70244K, used 51917K [0x00000000eaaa0000, 0x00000000eef39000, 0x0000000100000000)
   the space 70244K,  73% used [0x00000000eaaa0000, 0x00000000edd535e8, 0x00000000edd53600, 0x00000000eef39000)
 Metaspace       used 38707K, capacity 41682K, committed 41728K, reserved 1085440K
  class space    used 5566K, capacity 6126K, committed 6144K, reserved 1048576K
}
Event: 26,004 GC heap before
{Heap before GC invocations=82 (full 4):
 def new generation   total 31744K, used 31744K [0x00000000e0000000, 0x00000000e2270000, 0x00000000eaaa0000)
  eden space 28224K, 100% used [0x00000000e0000000, 0x00000000e1b90000, 0x00000000e1b90000)
  from space 3520K, 100% used [0x00000000e1f00000, 0x00000000e2270000, 0x00000000e2270000)
  to   space 3520K,   0% used [0x00000000e1b90000, 0x00000000e1b90000, 0x00000000e1f00000)
 tenured generation   total 70244K, used 51917K [0x00000000eaaa0000, 0x00000000eef39000, 0x0000000100000000)
   the space 70244K,  73% used [0x00000000eaaa0000, 0x00000000edd535e8, 0x00000000edd53600, 0x00000000eef39000)
 Metaspace       used 38711K, capacity 41682K, committed 41728K, reserved 1085440K
  class space    used 5567K, capacity 6126K, committed 6144K, reserved 1048576K
Event: 26,009 GC heap after
Heap after GC invocations=83 (full 4):
 def new generation   total 31744K, used 1239K [0x00000000e0000000, 0x00000000e2270000, 0x00000000eaaa0000)
  eden space 28224K,   0% used [0x00000000e0000000, 0x00000000e0000000, 0x00000000e1b90000)
  from space 3520K,  35% used [0x00000000e1b90000, 0x00000000e1cc5d48, 0x00000000e1f00000)
  to   space 3520K,   0% used [0x00000000e1f00000, 0x00000000e1f00000, 0x00000000e2270000)
 tenured generation   total 70244K, used 52088K [0x00000000eaaa0000, 0x00000000eef39000, 0x0000000100000000)
   the space 70244K,  74% used [0x00000000eaaa0000, 0x00000000edd7e278, 0x00000000edd7e400, 0x00000000eef39000)
 Metaspace       used 38711K, capacity 41682K, committed 41728K, reserved 1085440K
  class space    used 5567K, capacity 6126K, committed 6144K, reserved 1048576K
}

